<?xml version="1.0" encoding="UTF-8"?>
<testsuite xmlns:xsi="http://www.w3.org/2001/XMLSchema-instance" xsi:noNamespaceSchemaLocation="https://maven.apache.org/surefire/maven-surefire-plugin/xsd/surefire-test-report-3.0.xsd" version="3.0" name="edu.eci.cvds.tdd.registry.RegisterVoterTest" time="0.169" tests="5" errors="0" skipped="0" failures="0">
  <properties>
[...]
</properties>
  <testcase name="should_NotAllowToVote_When_PersonIsAlreadyIn" classname="edu.eci.cvds.tdd.registry.RegisterVoterTest" time="0.087"/>
  <testcase name="should_NotAllowToVote_When_PersonHasANegativeAge" classname="edu.eci.cvds.tdd.registry.RegisterVoterTest" time="0.003"/>
  <testcase name="should_AllowsToVote_When_AgeGreaterThan18" classname="edu.eci.cvds.tdd.registry.RegisterVoterTest" time="0.002"/>
  <testcase name="should_NotAllowToVote_When_PersonIsDead" classname="edu.eci.cvds.tdd.registry.RegisterVoterTest" time="0.002"/>
  <testcase name="should_NotAllowToVote_When_PersonLessThan18" classname="edu.eci.cvds.tdd.registry.RegisterVoterTest" time="0.004"/>
</testsuite>